<?xml version="1.0" encoding="UTF-8"?>
<!-- Generated by org.testng.reporters.JUnitReportReporter -->
<testsuite hostname="DESKTOP-LBDHI4G" failures="0" tests="11" name="saucedemo.testcases.ViewCartTests" time="5.873" errors="1" timestamp="2024-05-09T12:21:22 IST" skipped="10">
  <testcase classname="saucedemo.testcases.ViewCartTests" name="addCart" time="3.409">
    <skipped/>
  </testcase> <!-- addCart -->
  <system-out/>
  <testcase classname="saucedemo.testcases.ViewCartTests" name="init" time="2.464">
    <error message="Cannot invoke &quot;saucedemo.utils.TestUtils.screenshots(String)&quot; because &quot;this.utils&quot; is null" type="java.lang.NullPointerException">
      <![CDATA[java.lang.NullPointerException: Cannot invoke "saucedemo.utils.TestUtils.screenshots(String)" because "this.utils" is null
at saucedemo.testcases.CartTests.addCart(CartTests.java:31)
at saucedemo.testcases.ViewCartTests.init(ViewCartTests.java:30)
at java.base/jdk.internal.reflect.DirectMethodHandleAccessor.invoke(DirectMethodHandleAccessor.java:103)
at java.base/java.lang.reflect.Method.invoke(Method.java:580)
at org.testng.internal.MethodInvocationHelper.invokeMethod(MethodInvocationHelper.java:133)
at org.testng.internal.MethodInvocationHelper.invokeMethodConsideringTimeout(MethodInvocationHelper.java:62)
at org.testng.internal.ConfigInvoker.invokeConfigurationMethod(ConfigInvoker.java:385)
at org.testng.internal.ConfigInvoker.invokeConfigurations(ConfigInvoker.java:321)
at org.testng.internal.TestInvoker.runConfigMethods(TestInvoker.java:700)
at org.testng.internal.TestInvoker.invokeMethod(TestInvoker.java:527)
at org.testng.internal.TestInvoker.invokeTestMethod(TestInvoker.java:173)
at org.testng.internal.MethodRunner.runInSequence(MethodRunner.java:46)
at org.testng.internal.TestInvoker$MethodInvocationAgent.invoke(TestInvoker.java:824)
at org.testng.internal.TestInvoker.invokeTestMethods(TestInvoker.java:146)
at org.testng.internal.TestMethodWorker.invokeTestMethods(TestMethodWorker.java:146)
at org.testng.internal.TestMethodWorker.run(TestMethodWorker.java:128)
at java.base/java.util.ArrayList.forEach(ArrayList.java:1596)
at org.testng.TestRunner.privateRun(TestRunner.java:794)
at org.testng.TestRunner.run(TestRunner.java:596)
at org.testng.SuiteRunner.runTest(SuiteRunner.java:377)
at org.testng.SuiteRunner.runSequentially(SuiteRunner.java:371)
at org.testng.SuiteRunner.privateRun(SuiteRunner.java:332)
at org.testng.SuiteRunner.run(SuiteRunner.java:276)
at org.testng.SuiteRunnerWorker.runSuite(SuiteRunnerWorker.java:53)
at org.testng.SuiteRunnerWorker.run(SuiteRunnerWorker.java:96)
at org.testng.TestNG.runSuitesSequentially(TestNG.java:1212)
at org.testng.TestNG.runSuitesLocally(TestNG.java:1134)
at org.testng.TestNG.runSuites(TestNG.java:1063)
at org.testng.TestNG.run(TestNG.java:1031)
at org.testng.remote.AbstractRemoteTestNG.run(AbstractRemoteTestNG.java:115)
at org.testng.remote.RemoteTestNG.initAndRun(RemoteTestNG.java:251)
at org.testng.remote.RemoteTestNG.main(RemoteTestNG.java:77)
]]>
    </error>
  </testcase> <!-- init -->
  <system-out/>
  <testcase classname="saucedemo.testcases.ViewCartTests" name="viewcart" time="0.000">
    <skipped/>
  </testcase> <!-- viewcart -->
  <system-out/>
  <testcase classname="saucedemo.testcases.ViewCartTests" name="testUsernameCharacterLimitValidation" time="0.000">
    <skipped/>
  </testcase> <!-- testUsernameCharacterLimitValidation -->
  <system-out/>
  <testcase classname="saucedemo.testcases.ViewCartTests" name="testWrongUsernameError" time="0.000">
    <skipped/>
  </testcase> <!-- testWrongUsernameError -->
  <system-out/>
  <testcase classname="saucedemo.testcases.ViewCartTests" name="testPasswordCharacterLimitValidation" time="0.000">
    <skipped/>
  </testcase> <!-- testPasswordCharacterLimitValidation -->
  <system-out/>
  <testcase classname="saucedemo.testcases.ViewCartTests" name="testWrongPasswordError" time="0.000">
    <skipped/>
  </testcase> <!-- testWrongPasswordError -->
  <system-out/>
  <testcase classname="saucedemo.testcases.ViewCartTests" name="testValidlogin" time="0.000">
    <skipped/>
  </testcase> <!-- testValidlogin -->
  <system-out/>
  <testcase classname="saucedemo.testcases.ViewCartTests" name="filter" time="0.000">
    <skipped/>
  </testcase> <!-- filter -->
  <system-out/>
  <testcase classname="saucedemo.testcases.ViewCartTests" name="testSideMenuBar" time="0.000">
    <skipped/>
  </testcase> <!-- testSideMenuBar -->
  <system-out/>
  <testcase classname="saucedemo.testcases.ViewCartTests" name="testCloseSideMenuBar" time="0.000">
    <skipped/>
  </testcase> <!-- testCloseSideMenuBar -->
  <system-out/>
</testsuite> <!-- saucedemo.testcases.ViewCartTests -->
